<?xml version="1.0" encoding="UTF-8"?>
<testsuite name="PostsTest" tests="6" skipped="0" failures="0" errors="0" timestamp="2023-11-17T17:30:34" hostname="DESKTOP-N2J2I0D" time="0.153">
  <properties/>
  <testcase name="testAddUniqueId" classname="PostsTest" time="0.151"/>
  <testcase name="createComment_addTrue" classname="PostsTest" time="0.0"/>
  <testcase name="testUpdateFalse" classname="PostsTest" time="0.0"/>
  <testcase name="testUpdateTrue" classname="PostsTest" time="0.001"/>
  <testcase name="testAddCount" classname="PostsTest" time="0.0"/>
  <testcase name="shouldThrow" classname="PostsTest" time="0.001"/>
  <system-out><![CDATA[]]></system-out>
  <system-err><![CDATA[]]></system-err>
</testsuite>
